<?xml version="1.0" encoding="UTF-8"?>
<!-- Generated by org.testng.reporters.JUnitXMLReporter -->
<testsuite hostname="Mukuls-MacBook-Air.local" ignored="0" name="Test1" tests="3" failures="0" timestamp="13 Jun 2020 07:53:48 GMT" time="7.112" errors="0">
  <testcase name="dockertest1" time="0.001" classname="selenium.SeleniumTests"/>
  <testcase name="dockertest2" time="0.001" classname="selenium.SeleniumTests"/>
  <testcase name="dockertest3" time="0.0" classname="selenium.SeleniumTests"/>
</testsuite> <!-- Test1 -->
