<?xml version="1.0" encoding="UTF-8"?>
<testng-results skipped="0" failed="0" ignored="0" total="3" passed="3">
  <reporter-output>
  </reporter-output>
  <suite name="Suite" duration-ms="7112" started-at="2020-06-13T07:53:41Z" finished-at="2020-06-13T07:53:48Z">
    <groups>
    </groups>
    <test name="Test1" duration-ms="7112" started-at="2020-06-13T07:53:41Z" finished-at="2020-06-13T07:53:48Z">
      <class name="selenium.SeleniumTests">
        <test-method status="PASS" signature="beforetest(java.lang.String)[pri:0, instance:selenium.SeleniumTests@5594a1b5]" name="beforetest" is-config="true" duration-ms="6844" started-at="2020-06-13T07:53:41Z" finished-at="2020-06-13T07:53:48Z">
          <params>
            <param index="0">
              <value>
                <![CDATA[chrome]]>
              </value>
            </param>
          </params>
          <reporter-output>
          </reporter-output>
        </test-method> <!-- beforetest -->
        <test-method status="PASS" signature="dockertest1()[pri:0, instance:selenium.SeleniumTests@5594a1b5]" name="dockertest1" duration-ms="1" started-at="2020-06-13T07:53:48Z" finished-at="2020-06-13T07:53:48Z">
          <reporter-output>
          </reporter-output>
        </test-method> <!-- dockertest1 -->
        <test-method status="PASS" signature="dockertest2()[pri:0, instance:selenium.SeleniumTests@5594a1b5]" name="dockertest2" duration-ms="1" started-at="2020-06-13T07:53:48Z" finished-at="2020-06-13T07:53:48Z">
          <reporter-output>
          </reporter-output>
        </test-method> <!-- dockertest2 -->
        <test-method status="PASS" signature="dockertest3()[pri:0, instance:selenium.SeleniumTests@5594a1b5]" name="dockertest3" duration-ms="0" started-at="2020-06-13T07:53:48Z" finished-at="2020-06-13T07:53:48Z">
          <reporter-output>
          </reporter-output>
        </test-method> <!-- dockertest3 -->
        <test-method status="PASS" signature="afterTest()[pri:0, instance:selenium.SeleniumTests@5594a1b5]" name="afterTest" is-config="true" duration-ms="237" started-at="2020-06-13T07:53:48Z" finished-at="2020-06-13T07:53:48Z">
          <reporter-output>
          </reporter-output>
        </test-method> <!-- afterTest -->
      </class> <!-- selenium.SeleniumTests -->
    </test> <!-- Test1 -->
  </suite> <!-- Suite -->
</testng-results>
